Using pre-set license
Built from '2020.3/staging' branch; Version is '2020.3.11f1 (99c7afb366b3) revision 10078127'; Using compiler version '192528614'; Build Type 'Release'
OS: 'Windows 10 Pro; OS build 19044.2006; Version 2009; 64bit' Language: 'es' Physical Memory: 32689 MB
BatchMode: 1, IsHumanControllingUs: 0, StartBugReporterOnCrash: 0, Is64bit: 1, IsPro: 0

 COMMAND LINE ARGUMENTS:
D:\unity\2020.3.11f1\Editor\Unity.exe
-adb2
-batchMode
-noUpm
-name
AssetImportWorker0
-projectPath
C:/Users/Felipe/Documents/GitHub/Galaga_Online
-logFile
Logs/AssetImportWorker0.log
-srvPort
62356
Successfully changed project path to: C:/Users/Felipe/Documents/GitHub/Galaga_Online
C:/Users/Felipe/Documents/GitHub/Galaga_Online
Using Asset Import Pipeline V2.
Refreshing native plugins compatible for Editor in 96.36 ms, found 4 plugins.
Preloading 0 native plugins for Editor in 0.00 ms.
Initialize engine version: 2020.3.11f1 (99c7afb366b3)
[Subsystems] Discovering subsystems at path D:/unity/2020.3.11f1/Editor/Data/Resources/UnitySubsystems
[Subsystems] Discovering subsystems at path C:/Users/Felipe/Documents/GitHub/Galaga_Online/Assets
GfxDevice: creating device client; threaded=0
Direct3D:
    Version:  Direct3D 11.0 [level 11.1]
    Renderer: NVIDIA GeForce GTX 1050 (ID=0x1c81)
    Vendor:   
    VRAM:     1977 MB
    Driver:   30.0.15.1295
Initialize mono
Mono path[0] = 'D:/unity/2020.3.11f1/Editor/Data/Managed'
Mono path[1] = 'D:/unity/2020.3.11f1/Editor/Data/MonoBleedingEdge/lib/mono/unityjit'
Mono config path = 'D:/unity/2020.3.11f1/Editor/Data/MonoBleedingEdge/etc'
Using monoOptions --debugger-agent=transport=dt_socket,embedding=1,server=y,suspend=n,address=127.0.0.1:56352
Begin MonoManager ReloadAssembly
Registering precompiled unity dll's ...
Register platform support module: D:/unity/2020.3.11f1/Editor/Data/PlaybackEngines/WindowsStandaloneSupport/UnityEditor.WindowsStandalone.Extensions.dll
Registered in 0.001135 seconds.
Native extension for WindowsStandalone target not found
Refreshing native plugins compatible for Editor in 39.60 ms, found 4 plugins.
Preloading 0 native plugins for Editor in 0.00 ms.
Mono: successfully reloaded assembly
- Completed reload, in  1.797 seconds
Platform modules already initialized, skipping
Registering precompiled user dll's ...
Registered in 0.007109 seconds.
Begin MonoManager ReloadAssembly
Native extension for WindowsStandalone target not found
Refreshing native plugins compatible for Editor in 53.27 ms, found 4 plugins.
Preloading 0 native plugins for Editor in 0.00 ms.
Mono: successfully reloaded assembly
- Completed reload, in  2.130 seconds
Platform modules already initialized, skipping
========================================================================
Worker process is ready to serve import requests
Launched and connected shader compiler UnityShaderCompiler.exe after 0.04 seconds
Refreshing native plugins compatible for Editor in 0.98 ms, found 4 plugins.
Preloading 0 native plugins for Editor in 0.00 ms.
Unloading 2182 Unused Serialized files (Serialized files now loaded: 0)
System memory in use before: 96.7 MB.
System memory in use after: 96.8 MB.

Unloading 50 unused Assets to reduce memory usage. Loaded Objects now: 2637.
Total: 2.564900 ms (FindLiveObjects: 0.257500 ms CreateObjectMapping: 0.100600 ms MarkObjects: 2.134300 ms  DeleteObjects: 0.070900 ms)

AssetImportParameters requested are different than current active one (requested -> active):
  custom:FusionILWeaverTriggerImporter/ConfigHash: 5028465fba79e4947a0f6fb8ff49eac2 -> 
========================================================================
Received Import Request.
  path: Assets/01_Scripts/GameManager.cs
  artifactKey: Guid(461537c116124fd49ad62c5ed266da3c) Importer(815301076,1909f56bfc062723c751e8b465ee728b)
Start importing Assets/01_Scripts/GameManager.cs using Guid(461537c116124fd49ad62c5ed266da3c) Importer(815301076,1909f56bfc062723c751e8b465ee728b)  -> (artifact id: 'd8555a94736b7b8a691be44c41c5a7ff') in 0.030073 seconds
  Import took 0.033352 seconds .

========================================================================
Received Import Request.
  Time since last request: 0.000150 seconds.
  path: Assets/01_Scripts
  artifactKey: Guid(924b3a80c6e155643b37d3ce14a112f9) Importer(815301076,1909f56bfc062723c751e8b465ee728b)
Start importing Assets/01_Scripts using Guid(924b3a80c6e155643b37d3ce14a112f9) Importer(815301076,1909f56bfc062723c751e8b465ee728b)  -> (artifact id: '7ca8bcccfff5235a89834d55d0cd2359') in 0.004631 seconds
  Import took 0.007939 seconds .

========================================================================
Received Import Request.
  Time since last request: 17.022281 seconds.
  path: Assets/01_Scripts/GameManager.cs
  artifactKey: Guid(461537c116124fd49ad62c5ed266da3c) Importer(815301076,1909f56bfc062723c751e8b465ee728b)
Start importing Assets/01_Scripts/GameManager.cs using Guid(461537c116124fd49ad62c5ed266da3c) Importer(815301076,1909f56bfc062723c751e8b465ee728b)  -> (artifact id: '7ba54a01a463f7d1b23c3d43ec84a589') in 0.001652 seconds
  Import took 0.005426 seconds .

========================================================================
Received Import Request.
  Time since last request: 0.000949 seconds.
  path: Assets/01_Scripts/GameManager.cs
  artifactKey: Guid(461537c116124fd49ad62c5ed266da3c) Importer(815301076,1909f56bfc062723c751e8b465ee728b)
Start importing Assets/01_Scripts/GameManager.cs using Guid(461537c116124fd49ad62c5ed266da3c) Importer(815301076,1909f56bfc062723c751e8b465ee728b)  -> (artifact id: '7ba54a01a463f7d1b23c3d43ec84a589') in 0.001538 seconds
  Import took 0.004183 seconds .

========================================================================
Received Import Request.
  Time since last request: 46.606179 seconds.
  path: Assets/01_Scripts/GameManager.cs
  artifactKey: Guid(461537c116124fd49ad62c5ed266da3c) Importer(815301076,1909f56bfc062723c751e8b465ee728b)
Start importing Assets/01_Scripts/GameManager.cs using Guid(461537c116124fd49ad62c5ed266da3c) Importer(815301076,1909f56bfc062723c751e8b465ee728b)  -> (artifact id: '9031157fb7e37f61910ce3bf758566d1') in 0.001656 seconds
  Import took 0.005449 seconds .

========================================================================
Received Import Request.
  Time since last request: 0.001292 seconds.
  path: Assets/01_Scripts/GameManager.cs
  artifactKey: Guid(461537c116124fd49ad62c5ed266da3c) Importer(815301076,1909f56bfc062723c751e8b465ee728b)
Start importing Assets/01_Scripts/GameManager.cs using Guid(461537c116124fd49ad62c5ed266da3c) Importer(815301076,1909f56bfc062723c751e8b465ee728b)  -> (artifact id: '9031157fb7e37f61910ce3bf758566d1') in 0.001621 seconds
  Import took 0.004511 seconds .

========================================================================
Received Import Request.
  Time since last request: 8.645010 seconds.
  path: Assets/01_Scripts/GameManager.cs
  artifactKey: Guid(461537c116124fd49ad62c5ed266da3c) Importer(815301076,1909f56bfc062723c751e8b465ee728b)
Start importing Assets/01_Scripts/GameManager.cs using Guid(461537c116124fd49ad62c5ed266da3c) Importer(815301076,1909f56bfc062723c751e8b465ee728b)  -> (artifact id: '32cd21946c1a62f75ee631508db78da2') in 0.001661 seconds
  Import took 0.005087 seconds .

========================================================================
Received Import Request.
  Time since last request: 0.001095 seconds.
  path: Assets/01_Scripts/GameManager.cs
  artifactKey: Guid(461537c116124fd49ad62c5ed266da3c) Importer(815301076,1909f56bfc062723c751e8b465ee728b)
Start importing Assets/01_Scripts/GameManager.cs using Guid(461537c116124fd49ad62c5ed266da3c) Importer(815301076,1909f56bfc062723c751e8b465ee728b)  -> (artifact id: '32cd21946c1a62f75ee631508db78da2') in 0.001522 seconds
  Import took 0.004078 seconds .

========================================================================
Received Import Request.
  Time since last request: 17.626815 seconds.
  path: Assets/01_Scripts/GameManager.cs
  artifactKey: Guid(461537c116124fd49ad62c5ed266da3c) Importer(815301076,1909f56bfc062723c751e8b465ee728b)
Start importing Assets/01_Scripts/GameManager.cs using Guid(461537c116124fd49ad62c5ed266da3c) Importer(815301076,1909f56bfc062723c751e8b465ee728b)  -> (artifact id: '015eb253e7f64126ac56cd658f8d9e2f') in 0.001659 seconds
  Import took 0.004802 seconds .

========================================================================
Received Import Request.
  Time since last request: 0.001352 seconds.
  path: Assets/01_Scripts/GameManager.cs
  artifactKey: Guid(461537c116124fd49ad62c5ed266da3c) Importer(815301076,1909f56bfc062723c751e8b465ee728b)
Start importing Assets/01_Scripts/GameManager.cs using Guid(461537c116124fd49ad62c5ed266da3c) Importer(815301076,1909f56bfc062723c751e8b465ee728b)  -> (artifact id: '015eb253e7f64126ac56cd658f8d9e2f') in 0.001556 seconds
  Import took 0.004293 seconds .

========================================================================
Received Prepare
Registering precompiled user dll's ...
Registered in 0.006925 seconds.
Begin MonoManager ReloadAssembly
Native extension for WindowsStandalone target not found
Refreshing native plugins compatible for Editor in 0.52 ms, found 4 plugins.
Preloading 0 native plugins for Editor in 0.00 ms.
Mono: successfully reloaded assembly
- Completed reload, in  0.896 seconds
Platform modules already initialized, skipping
Refreshing native plugins compatible for Editor in 0.50 ms, found 4 plugins.
Preloading 0 native plugins for Editor in 0.00 ms.
Unloading 2170 Unused Serialized files (Serialized files now loaded: 0)
System memory in use before: 96.1 MB.
System memory in use after: 96.2 MB.

Unloading 38 unused Assets to reduce memory usage. Loaded Objects now: 2641.
Total: 2.098600 ms (FindLiveObjects: 0.179000 ms CreateObjectMapping: 0.087400 ms MarkObjects: 1.813000 ms  DeleteObjects: 0.018400 ms)

AssetImportParameters requested are different than current active one (requested -> active):
  custom:FusionILWeaverTriggerImporter/ConfigHash: 5028465fba79e4947a0f6fb8ff49eac2 -> 
========================================================================
Received Prepare
Registering precompiled user dll's ...
Registered in 0.006688 seconds.
Begin MonoManager ReloadAssembly
Native extension for WindowsStandalone target not found
Refreshing native plugins compatible for Editor in 0.52 ms, found 4 plugins.
Preloading 0 native plugins for Editor in 0.00 ms.
Mono: successfully reloaded assembly
- Completed reload, in  0.867 seconds
Platform modules already initialized, skipping
Refreshing native plugins compatible for Editor in 0.54 ms, found 4 plugins.
Preloading 0 native plugins for Editor in 0.00 ms.
Unloading 2170 Unused Serialized files (Serialized files now loaded: 0)
System memory in use before: 96.1 MB.
System memory in use after: 96.2 MB.

Unloading 38 unused Assets to reduce memory usage. Loaded Objects now: 2645.
Total: 2.023600 ms (FindLiveObjects: 0.206100 ms CreateObjectMapping: 0.091600 ms MarkObjects: 1.707600 ms  DeleteObjects: 0.017200 ms)

AssetImportParameters requested are different than current active one (requested -> active):
  custom:FusionILWeaverTriggerImporter/ConfigHash: 5028465fba79e4947a0f6fb8ff49eac2 -> 
